2022-05-02 22:15:34,351:UserActions.seller:Failed query.
Traceback (most recent call last):
  File "c:\Users\Vincent Pham\Documents\GitHub\real_estate_agency\UserActions\seller.py", line 23, in selectAgent
    c.execute("SELECT  From Agent")
sqlite3.OperationalError: near "From": syntax error
2022-05-02 22:16:21,748:UserActions.seller:SELECT * From Agent
2022-05-02 22:20:26,384:UserActions.seller:Failed query.
Traceback (most recent call last):
  File "c:\Users\Vincent Pham\Documents\GitHub\real_estate_agency\UserActions\seller.py", line 26, in selectAgent
    c.execute("SELECT  From Agent")
sqlite3.OperationalError: near "From": syntax error
2022-05-02 22:22:32,136:LogInSystem.logInSignIn:User failed a login
2022-05-02 22:22:36,520:LogInSystem.logInSignIn:User successfully signed in
2022-05-02 22:29:15,495:LogInSystem.logInSignIn:User successfully signed in
2022-05-02 22:29:16,471:UserActions.landlord:SELECT * From Agent
2022-05-02 22:29:18,994:UserActions.landlord:SELECT * from Maintenance_Record WHERE Username=? '', (username,)
2022-05-02 22:33:58,290:LogInSystem.logInSignIn:User successfully signed in
2022-05-02 22:34:16,759:UserActions.agent:INSERT OR REPLACE INTO Property VALUES (?, ?, ?, ?, ?, ? ,? ,? ,? ,? ,?, ?, ?, ?, ?)
2022-05-02 22:34:18,223:UserActions.agent:SELECT * FROM Property where Agent_id=? 
2022-05-02 22:34:19,737:UserActions.agent:SELECT Max(Contract_ID) from Contract
2022-05-02 22:34:30,670:UserActions.agent:UPDATE Property SET availability=0 WHERE property_id=?
2022-05-02 22:34:30,672:UserActions.agent:INSERT OR REPLACE INTO Contract VALUES (?, ?, ?, ?, ?, ?, ?, ?, ?)
2022-05-02 22:34:32,537:UserActions.agent:SELECT * FROM Property where Agent_id=? 
2022-05-02 22:39:13,837:LogInSystem.logInSignIn:User failed a login
2022-05-02 22:39:18,403:LogInSystem.logInSignIn:User successfully signed in
2022-05-02 22:41:37,126:LogInSystem.logInSignIn:User failed a login
2022-05-02 22:41:41,198:LogInSystem.logInSignIn:User failed a login
2022-05-02 22:41:43,135:LogInSystem.logInSignIn:User successfully signed in
2022-05-02 22:41:44,970:UserActions.agent:SELECT * from Contract WHERE Agent_id=?
2022-05-02 22:41:45,391:__main__:***User quit program***
2022-05-02 22:49:21,357:LogInSystem.logInSignIn:User successfully signed in
2022-05-02 22:50:24,035:LogInSystem.logInSignIn:User successfully signed in
2022-05-02 22:51:56,508:LogInSystem.logInSignIn:User successfully signed in
2022-05-02 22:52:20,921:__main__:***User quit program***
2022-05-09 18:35:39,729:LogInSystem.logInSignIn:User successfully signed in
2022-05-09 18:37:11,354:__main__:***User quit program***
2022-05-09 18:37:31,901:LogInSystem.logInSignIn:User successfully signed in
2022-05-09 18:37:50,581:__main__:***User quit program***
2022-05-09 18:38:03,594:LogInSystem.logInSignIn:User failed a login
2022-05-09 18:38:07,401:LogInSystem.logInSignIn:User successfully signed in
2022-05-09 18:40:01,071:UserActions.agent:INSERT OR REPLACE INTO Property VALUES (?, ?, ?, ?, ?, ? ,? ,? ,? ,? ,?, ?, ?, ?, ?)
2022-05-09 18:40:07,035:UserActions.agent:SELECT * from Property WHERE Agent_id=?
2022-05-09 18:40:26,480:UserActions.agent:SELECT * FROM Property where Agent_id=? 
2022-05-09 18:40:54,481:LogInSystem.logInSignIn:User successfully signed in
2022-05-09 18:41:16,248:UserActions.agent:SELECT * FROM Property where Agent_id=? 
2022-05-09 18:41:26,926:UserActions.agent:SELECT * from Property WHERE Agent_id=?
2022-05-09 18:41:43,953:UserActions.agent:SELECT * FROM Property where Agent_id=? 
2022-05-09 18:41:46,988:UserActions.agent:SELECT Max(Contract_ID) from Contract
2022-05-09 18:42:30,845:UserActions.agent:UPDATE Property SET availability=0 WHERE property_id=?
2022-05-09 18:42:30,850:UserActions.agent:INSERT OR REPLACE INTO Contract VALUES (?, ?, ?, ?, ?, ?, ?, ?, ?)
2022-05-09 18:42:37,102:UserActions.agent:SELECT * from Contract WHERE Agent_id=?
2022-05-09 18:42:49,164:__main__:***User quit program***
2022-05-09 18:43:13,238:LogInSystem.logInSignIn:User created an account successfully
2022-05-09 18:45:50,059:__main__:***User quit program***
2022-05-09 18:46:08,228:LogInSystem.logInSignIn:User created an account successfully
2022-05-09 18:47:13,294:UserActions.landlord:SELECT * From Agent
2022-05-09 18:48:20,140:UserActions.landlord:INSERT OR REPLACE INTO Maintenance_Record VALUES (?, ?, ?, ?)
2022-05-09 18:48:44,533:UserActions.landlord:SELECT * from Maintenance_Record WHERE Username=?
2022-05-09 18:49:14,947:UserActions.landlord:INSERT OR REPLACE INTO Maintenance_Record VALUES (?, ?, ?, ?)
2022-05-09 18:49:18,118:UserActions.landlord:SELECT * from Maintenance_Record WHERE Username=?
2022-05-09 20:40:57,876:LogInSystem.logInSignIn:User successfully signed in
2022-05-09 20:42:31,682:__main__:***User quit program***
2022-05-09 20:43:03,213:LogInSystem.logInSignIn:User successfully signed in
2022-05-09 20:43:11,757:__main__:***User quit program***
2022-05-09 20:47:01,223:LogInSystem.logInSignIn:User created an account successfully
2022-05-09 20:47:32,747:__main__:***User quit program***
2022-05-09 20:51:31,397:LogInSystem.logInSignIn:User successfully signed in
2022-05-09 20:52:17,720:LogInSystem.logInSignIn:User successfully signed in
2022-05-09 20:52:50,330:LogInSystem.logInSignIn:User created an account successfully
2022-05-09 20:53:20,037:__main__:***User quit program***
2022-05-10 15:21:52,034:LogInSystem.logInSignIn:User successfully signed in
2022-05-10 15:22:44,981:__main__:***User quit program***
2022-05-10 15:23:19,600:LogInSystem.logInSignIn:User created an account successfully
2022-05-10 15:25:14,240:__main__:***User quit program***
2022-05-10 15:25:28,367:LogInSystem.logInSignIn:User successfully signed in
2022-05-10 15:25:44,870:UserActions.landlord:SELECT * From Agent
2022-05-10 15:26:25,554:UserActions.landlord:INSERT OR REPLACE INTO Maintenance_Record VALUES (?, ?, ?, ?)
2022-05-10 15:26:31,737:UserActions.landlord:SELECT * from Maintenance_Record WHERE Username=?
2022-05-10 15:26:43,266:__main__:***User quit program***
2022-05-10 15:27:32,449:LogInSystem.logInSignIn:User successfully signed in
2022-05-10 15:27:45,996:__main__:***User quit program***
2022-05-10 15:32:15,536:LogInSystem.logInSignIn:User successfully signed in
2022-05-10 15:33:05,772:__main__:***User quit program***
2022-05-10 15:33:21,870:LogInSystem.logInSignIn:User successfully signed in
2022-05-10 15:34:10,655:UserActions.agent:INSERT OR REPLACE INTO Property VALUES (?, ?, ?, ?, ?, ? ,? ,? ,? ,? ,?, ?, ?, ?, ?)
2022-05-10 15:34:25,903:UserActions.agent:SELECT * FROM Property where Agent_id=? 
2022-05-10 15:34:58,399:UserActions.agent:SELECT * from Contract WHERE Agent_id=?
2022-05-10 15:35:01,491:UserActions.agent:SELECT * FROM Property where Agent_id=? 
2022-05-10 15:35:11,341:UserActions.agent:SELECT Max(Contract_ID) from Contract
2022-05-10 15:35:41,202:UserActions.agent:UPDATE Property SET availability=0 WHERE property_id=?
2022-05-10 15:35:41,207:UserActions.agent:INSERT OR REPLACE INTO Contract VALUES (?, ?, ?, ?, ?, ?, ?, ?, ?)
2022-05-10 15:35:48,222:UserActions.agent:SELECT * from Contract WHERE Agent_id=?
2022-05-10 15:35:59,164:UserActions.agent:SELECT * from Property WHERE Agent_id=?
2022-05-10 15:36:07,839:__main__:***User quit program***
2022-05-10 15:36:18,914:LogInSystem.logInSignIn:User created an account successfully
2022-05-10 15:37:42,764:__main__:***User quit program***
2022-05-10 15:37:54,840:LogInSystem.logInSignIn:User successfully signed in
2022-05-10 15:37:58,430:UserActions.landlord:SELECT * From Agent
2022-05-10 15:38:17,521:UserActions.landlord:INSERT OR REPLACE INTO Maintenance_Record VALUES (?, ?, ?, ?)
2022-05-10 15:38:21,555:UserActions.landlord:SELECT * from Maintenance_Record WHERE Username=?
2022-05-10 15:38:27,764:__main__:***User quit program***
2022-05-10 15:39:51,216:LogInSystem.logInSignIn:User successfully signed in
2022-05-10 15:40:24,287:UserActions.agent:INSERT OR REPLACE INTO Property VALUES (?, ?, ?, ?, ?, ? ,? ,? ,? ,? ,?, ?, ?, ?, ?)
2022-05-10 15:40:31,500:UserActions.agent:SELECT * FROM Property where Agent_id=? 
2022-05-10 15:40:49,861:UserActions.agent:SELECT * FROM Property where Agent_id=? 
2022-05-10 15:40:52,309:UserActions.agent:SELECT Max(Contract_ID) from Contract
2022-05-10 15:41:09,917:UserActions.agent:UPDATE Property SET availability=0 WHERE property_id=?
2022-05-10 15:41:09,922:UserActions.agent:INSERT OR REPLACE INTO Contract VALUES (?, ?, ?, ?, ?, ?, ?, ?, ?)
2022-05-10 15:41:13,444:UserActions.agent:SELECT * from Contract WHERE Agent_id=?
2022-05-10 15:41:18,650:__main__:***User quit program***
2022-05-10 16:47:56,251:LogInSystem.logInSignIn:User successfully signed in
2022-05-10 16:48:44,419:LogInSystem.logInSignIn:User successfully signed in
2022-05-10 16:49:23,603:UserActions.agent:INSERT OR REPLACE INTO Property VALUES (?, ?, ?, ?, ?, ? ,? ,? ,? ,? ,?, ?, ?, ?, ?)
2022-05-10 16:49:31,165:UserActions.agent:SELECT * FROM Property where Agent_id=? 
2022-05-10 16:49:55,112:UserActions.agent:SELECT * FROM Property where Agent_id=? 
2022-05-10 16:50:00,377:UserActions.agent:SELECT Max(Contract_ID) from Contract
2022-05-10 16:50:23,494:UserActions.agent:UPDATE Property SET availability=0 WHERE property_id=?
2022-05-10 16:50:23,499:UserActions.agent:INSERT OR REPLACE INTO Contract VALUES (?, ?, ?, ?, ?, ?, ?, ?, ?)
2022-05-10 16:50:30,216:UserActions.agent:SELECT * from Contract WHERE Agent_id=?
2022-05-10 16:50:39,218:UserActions.agent:SELECT * from Property WHERE Agent_id=?
2022-05-10 16:50:42,845:__main__:***User quit program***
2022-05-10 16:50:52,426:LogInSystem.logInSignIn:User failed an account creation
2022-05-10 16:50:58,005:LogInSystem.logInSignIn:User created an account successfully
2022-05-10 16:52:16,239:__main__:***User quit program***
2022-05-10 16:52:24,980:LogInSystem.logInSignIn:User successfully signed in
2022-05-10 16:52:31,140:UserActions.landlord:SELECT * From Agent
2022-05-10 16:53:04,641:UserActions.landlord:INSERT OR REPLACE INTO Maintenance_Record VALUES (?, ?, ?, ?)
2022-05-10 16:53:10,976:UserActions.landlord:SELECT * from Maintenance_Record WHERE Username=?
2022-05-10 16:53:26,471:__main__:***User quit program***
